Analysis & Synthesis report for VGA_Char
Sat Nov 04 16:14:43 2017
Quartus Prime Version 16.1.1 Build 200 11/30/2016 SJ Standard Edition


---------------------
; Table of Contents ;
---------------------
  1. Legal Notice
  2. Analysis & Synthesis Summary
  3. Analysis & Synthesis Settings
  4. Parallel Compilation
  5. Analysis & Synthesis Source Files Read
  6. Analysis & Synthesis Resource Usage Summary
  7. Analysis & Synthesis Resource Utilization by Entity
  8. Registers Removed During Synthesis
  9. General Register Statistics
 10. Multiplexer Restructuring Statistics (Restructuring Performed)
 11. Parameter Settings for User Entity Instance: Top-level Entity: |VGA_Char
 12. Post-Synthesis Netlist Statistics for Top Partition
 13. Elapsed Time Per Partition
 14. Analysis & Synthesis Messages



----------------
; Legal Notice ;
----------------
Copyright (C) 2016  Intel Corporation. All rights reserved.
Your use of Intel Corporation's design tools, logic functions 
and other software and tools, and its AMPP partner logic 
functions, and any output files from any of the foregoing 
(including device programming or simulation files), and any 
associated documentation or information are expressly subject 
to the terms and conditions of the Intel Program License 
Subscription Agreement, the Intel Quartus Prime License Agreement,
the Intel MegaCore Function License Agreement, or other 
applicable license agreement, including, without limitation, 
that your use is for the sole purpose of programming logic 
devices manufactured by Intel and sold by Intel or its 
authorized distributors.  Please refer to the applicable 
agreement for further details.



+--------------------------------------------------------------------------------------+
; Analysis & Synthesis Summary                                                         ;
+------------------------------------+-------------------------------------------------+
; Analysis & Synthesis Status        ; Successful - Sat Nov 04 16:14:43 2017           ;
; Quartus Prime Version              ; 16.1.1 Build 200 11/30/2016 SJ Standard Edition ;
; Revision Name                      ; VGA_Char                                        ;
; Top-level Entity Name              ; VGA_Char                                        ;
; Family                             ; Cyclone IV E                                    ;
; Total logic elements               ; 309                                             ;
;     Total combinational functions  ; 308                                             ;
;     Dedicated logic registers      ; 83                                              ;
; Total registers                    ; 83                                              ;
; Total pins                         ; 18                                              ;
; Total virtual pins                 ; 0                                               ;
; Total memory bits                  ; 0                                               ;
; Embedded Multiplier 9-bit elements ; 0                                               ;
; Total PLLs                         ; 0                                               ;
+------------------------------------+-------------------------------------------------+


+----------------------------------------------------------------------------------------------------------------------+
; Analysis & Synthesis Settings                                                                                        ;
+----------------------------------------------------------------------------+--------------------+--------------------+
; Option                                                                     ; Setting            ; Default Value      ;
+----------------------------------------------------------------------------+--------------------+--------------------+
; Device                                                                     ; EP4CE6E22A7        ;                    ;
; Top-level entity name                                                      ; VGA_Char           ; VGA_Char           ;
; Family name                                                                ; Cyclone IV E       ; Cyclone V          ;
; Use smart compilation                                                      ; Off                ; Off                ;
; Enable parallel Assembler and TimeQuest Timing Analyzer during compilation ; On                 ; On                 ;
; Enable compact report table                                                ; Off                ; Off                ;
; Restructure Multiplexers                                                   ; Auto               ; Auto               ;
; Create Debugging Nodes for IP Cores                                        ; Off                ; Off                ;
; Preserve fewer node names                                                  ; On                 ; On                 ;
; OpenCore Plus hardware evaluation                                          ; Enable             ; Enable             ;
; Verilog Version                                                            ; Verilog_2001       ; Verilog_2001       ;
; VHDL Version                                                               ; VHDL_1993          ; VHDL_1993          ;
; State Machine Processing                                                   ; Auto               ; Auto               ;
; Safe State Machine                                                         ; Off                ; Off                ;
; Extract Verilog State Machines                                             ; On                 ; On                 ;
; Extract VHDL State Machines                                                ; On                 ; On                 ;
; Ignore Verilog initial constructs                                          ; Off                ; Off                ;
; Iteration limit for constant Verilog loops                                 ; 5000               ; 5000               ;
; Iteration limit for non-constant Verilog loops                             ; 250                ; 250                ;
; Add Pass-Through Logic to Inferred RAMs                                    ; On                 ; On                 ;
; Infer RAMs from Raw Logic                                                  ; On                 ; On                 ;
; Parallel Synthesis                                                         ; On                 ; On                 ;
; DSP Block Balancing                                                        ; Auto               ; Auto               ;
; NOT Gate Push-Back                                                         ; On                 ; On                 ;
; Power-Up Don't Care                                                        ; On                 ; On                 ;
; Remove Redundant Logic Cells                                               ; Off                ; Off                ;
; Remove Duplicate Registers                                                 ; On                 ; On                 ;
; Ignore CARRY Buffers                                                       ; Off                ; Off                ;
; Ignore CASCADE Buffers                                                     ; Off                ; Off                ;
; Ignore GLOBAL Buffers                                                      ; Off                ; Off                ;
; Ignore ROW GLOBAL Buffers                                                  ; Off                ; Off                ;
; Ignore LCELL Buffers                                                       ; Off                ; Off                ;
; Ignore SOFT Buffers                                                        ; On                 ; On                 ;
; Limit AHDL Integers to 32 Bits                                             ; Off                ; Off                ;
; Optimization Technique                                                     ; Balanced           ; Balanced           ;
; Carry Chain Length                                                         ; 70                 ; 70                 ;
; Auto Carry Chains                                                          ; On                 ; On                 ;
; Auto Open-Drain Pins                                                       ; On                 ; On                 ;
; Perform WYSIWYG Primitive Resynthesis                                      ; Off                ; Off                ;
; Auto ROM Replacement                                                       ; On                 ; On                 ;
; Auto RAM Replacement                                                       ; On                 ; On                 ;
; Auto DSP Block Replacement                                                 ; On                 ; On                 ;
; Auto Shift Register Replacement                                            ; Auto               ; Auto               ;
; Allow Shift Register Merging across Hierarchies                            ; Auto               ; Auto               ;
; Auto Clock Enable Replacement                                              ; On                 ; On                 ;
; Strict RAM Replacement                                                     ; Off                ; Off                ;
; Allow Synchronous Control Signals                                          ; On                 ; On                 ;
; Force Use of Synchronous Clear Signals                                     ; Off                ; Off                ;
; Auto RAM Block Balancing                                                   ; On                 ; On                 ;
; Auto RAM to Logic Cell Conversion                                          ; Off                ; Off                ;
; Auto Resource Sharing                                                      ; Off                ; Off                ;
; Allow Any RAM Size For Recognition                                         ; Off                ; Off                ;
; Allow Any ROM Size For Recognition                                         ; Off                ; Off                ;
; Allow Any Shift Register Size For Recognition                              ; Off                ; Off                ;
; Use LogicLock Constraints during Resource Balancing                        ; On                 ; On                 ;
; Ignore translate_off and synthesis_off directives                          ; Off                ; Off                ;
; Timing-Driven Synthesis                                                    ; On                 ; On                 ;
; Report Parameter Settings                                                  ; On                 ; On                 ;
; Report Source Assignments                                                  ; On                 ; On                 ;
; Report Connectivity Checks                                                 ; On                 ; On                 ;
; Ignore Maximum Fan-Out Assignments                                         ; Off                ; Off                ;
; Synchronization Register Chain Length                                      ; 2                  ; 2                  ;
; PowerPlay Power Optimization During Synthesis                              ; Normal compilation ; Normal compilation ;
; HDL message level                                                          ; Level2             ; Level2             ;
; Suppress Register Optimization Related Messages                            ; Off                ; Off                ;
; Number of Removed Registers Reported in Synthesis Report                   ; 5000               ; 5000               ;
; Number of Swept Nodes Reported in Synthesis Report                         ; 5000               ; 5000               ;
; Number of Inverted Registers Reported in Synthesis Report                  ; 100                ; 100                ;
; Clock MUX Protection                                                       ; On                 ; On                 ;
; Auto Gated Clock Conversion                                                ; Off                ; Off                ;
; Block Design Naming                                                        ; Auto               ; Auto               ;
; SDC constraint protection                                                  ; Off                ; Off                ;
; Synthesis Effort                                                           ; Auto               ; Auto               ;
; Shift Register Replacement - Allow Asynchronous Clear Signal               ; On                 ; On                 ;
; Pre-Mapping Resynthesis Optimization                                       ; Off                ; Off                ;
; Analysis & Synthesis Message Level                                         ; Medium             ; Medium             ;
; Disable Register Merging Across Hierarchies                                ; Auto               ; Auto               ;
; Resource Aware Inference For Block RAM                                     ; On                 ; On                 ;
+----------------------------------------------------------------------------+--------------------+--------------------+


+------------------------------------------+
; Parallel Compilation                     ;
+----------------------------+-------------+
; Processors                 ; Number      ;
+----------------------------+-------------+
; Number detected on machine ; 4           ;
; Maximum allowed            ; 2           ;
;                            ;             ;
; Average used               ; 1.00        ;
; Maximum used               ; 2           ;
;                            ;             ;
; Usage by Processor         ; % Time Used ;
;     Processor 1            ; 100.0%      ;
;     Processor 2            ;   0.0%      ;
+----------------------------+-------------+


+---------------------------------------------------------------------------------------------------------------------------------------------+
; Analysis & Synthesis Source Files Read                                                                                                      ;
+----------------------------------+-----------------+------------------------+-----------------------------------------------------+---------+
; File Name with User-Entered Path ; Used in Netlist ; File Type              ; File Name with Absolute Path                        ; Library ;
+----------------------------------+-----------------+------------------------+-----------------------------------------------------+---------+
; VGA_Char.v                       ; yes             ; User Verilog HDL File  ; C:/Users/Q/Desktop/Wayne/FPGA/6_VGA_Char/VGA_Char.v ;         ;
+----------------------------------+-----------------+------------------------+-----------------------------------------------------+---------+


+-------------------------------------------------------+
; Analysis & Synthesis Resource Usage Summary           ;
+---------------------------------------------+---------+
; Resource                                    ; Usage   ;
+---------------------------------------------+---------+
; Estimated Total logic elements              ; 309     ;
;                                             ;         ;
; Total combinational functions               ; 308     ;
; Logic element usage by number of LUT inputs ;         ;
;     -- 4 input functions                    ; 178     ;
;     -- 3 input functions                    ; 28      ;
;     -- <=2 input functions                  ; 102     ;
;                                             ;         ;
; Logic elements by mode                      ;         ;
;     -- normal mode                          ; 239     ;
;     -- arithmetic mode                      ; 69      ;
;                                             ;         ;
; Total registers                             ; 83      ;
;     -- Dedicated logic registers            ; 83      ;
;     -- I/O registers                        ; 0       ;
;                                             ;         ;
; I/O pins                                    ; 18      ;
;                                             ;         ;
; Embedded Multiplier 9-bit elements          ; 0       ;
;                                             ;         ;
; Maximum fan-out node                        ; clk_25m ;
; Maximum fan-out                             ; 83      ;
; Total fan-out                               ; 1221    ;
; Average fan-out                             ; 2.86    ;
+---------------------------------------------+---------+


+----------------------------------------------------------------------------------------------------------------------------------------------------------------------------------------------------------+
; Analysis & Synthesis Resource Utilization by Entity                                                                                                                                                      ;
+----------------------------+---------------------+---------------------------+-------------+--------------+---------+-----------+------+--------------+---------------------+-------------+--------------+
; Compilation Hierarchy Node ; Combinational ALUTs ; Dedicated Logic Registers ; Memory Bits ; DSP Elements ; DSP 9x9 ; DSP 18x18 ; Pins ; Virtual Pins ; Full Hierarchy Name ; Entity Name ; Library Name ;
+----------------------------+---------------------+---------------------------+-------------+--------------+---------+-----------+------+--------------+---------------------+-------------+--------------+
; |VGA_Char                  ; 308 (308)           ; 83 (83)                   ; 0           ; 0            ; 0       ; 0         ; 18   ; 0            ; |VGA_Char           ; VGA_Char    ; work         ;
+----------------------------+---------------------+---------------------------+-------------+--------------+---------+-----------+------+--------------+---------------------+-------------+--------------+
Note: For table entries with two numbers listed, the numbers in parentheses indicate the number of resources of the given type used by the specific entity alone. The numbers listed outside of parentheses indicate the total resources of the given type used by the specific entity and all of its sub-entities in the hierarchy.


+--------------------------------------------------------------------------------+
; Registers Removed During Synthesis                                             ;
+---------------------------------------+----------------------------------------+
; Register name                         ; Reason for Removal                     ;
+---------------------------------------+----------------------------------------+
; seg[0]~reg0                           ; Merged with seg[6]~reg0                ;
; seg[7]~reg0                           ; Stuck at VCC due to stuck port data_in ;
; Total Number of Removed Registers = 2 ;                                        ;
+---------------------------------------+----------------------------------------+


+------------------------------------------------------+
; General Register Statistics                          ;
+----------------------------------------------+-------+
; Statistic                                    ; Value ;
+----------------------------------------------+-------+
; Total registers                              ; 83    ;
; Number of registers using Synchronous Clear  ; 0     ;
; Number of registers using Synchronous Load   ; 8     ;
; Number of registers using Asynchronous Clear ; 0     ;
; Number of registers using Asynchronous Load  ; 0     ;
; Number of registers using Clock Enable       ; 18    ;
; Number of registers using Preset             ; 0     ;
+----------------------------------------------+-------+


+------------------------------------------------------------------------------------------------------------------------------------------+
; Multiplexer Restructuring Statistics (Restructuring Performed)                                                                           ;
+--------------------+-----------+---------------+----------------------+------------------------+------------+----------------------------+
; Multiplexer Inputs ; Bus Width ; Baseline Area ; Area if Restructured ; Saving if Restructured ; Registered ; Example Multiplexer Output ;
+--------------------+-----------+---------------+----------------------+------------------------+------------+----------------------------+
; 3:1                ; 10 bits   ; 20 LEs        ; 10 LEs               ; 10 LEs                 ; Yes        ; |VGA_Char|y_cnt[1]         ;
; 3:1                ; 8 bits    ; 16 LEs        ; 8 LEs                ; 8 LEs                  ; Yes        ; |VGA_Char|char_bit[6]      ;
; 5:1                ; 11 bits   ; 33 LEs        ; 22 LEs               ; 11 LEs                 ; Yes        ; |VGA_Char|seg[1]~reg0      ;
+--------------------+-----------+---------------+----------------------+------------------------+------------+----------------------------+


+-------------------------------------------------------------------------------------------------------------------------------------------------------------------------------------------------------------------------------------+
; Parameter Settings for User Entity Instance: Top-level Entity: |VGA_Char                                                                                                                                                            ;
+----------------+--------------------------------------------------------------------------------------------------------------------------------------------------------------------------------------------------+-----------------+
; Parameter Name ; Value                                                                                                                                                                                            ; Type            ;
+----------------+--------------------------------------------------------------------------------------------------------------------------------------------------------------------------------------------------+-----------------+
; hsync_end      ; 0001011111                                                                                                                                                                                       ; Unsigned Binary ;
; hdat_begin     ; 0010001111                                                                                                                                                                                       ; Unsigned Binary ;
; hdat_end       ; 1100001111                                                                                                                                                                                       ; Unsigned Binary ;
; hpixel_end     ; 1100011111                                                                                                                                                                                       ; Unsigned Binary ;
; vsync_end      ; 0000000001                                                                                                                                                                                       ; Unsigned Binary ;
; vdat_begin     ; 0000100010                                                                                                                                                                                       ; Unsigned Binary ;
; vdat_end       ; 1000000010                                                                                                                                                                                       ; Unsigned Binary ;
; vline_end      ; 1000001100                                                                                                                                                                                       ; Unsigned Binary ;
; char_line0     ; 000000000000000000000000000000000000000000000000000000000000000000000000000000000000000000000000000000000000000000000000000000000000000000000000000000000000000000000000000000000000000000000000 ; Unsigned Binary ;
; char_line1     ; 000000000000000000000000000000000000000000000000000000000000000000000000000000000000000000000000000000000000000000000000000000000000000000000000000000000000000000000000000000000000000000000000 ; Unsigned Binary ;
; char_line2     ; 000000000000000000000000000000000000000000000000000000000000000000000000000000000000000000000000000000000000000000000000000000000000000000000000000000000000000000000000000000000000000000000000 ; Unsigned Binary ;
; char_line3     ; 000000000000000000000000000000000000000000000000000000000000000000000000000000000000000000000000000000000000000000000000000000000000000000000000000000000000000000000000000000000000000000000000 ; Unsigned Binary ;
; char_line4     ; 000000000000000000000000000000000000000000000000000000000000000000000000000000000000000000000000000000000000000000000000000000000000000000000000000000000000000000000000000000000000000000000000 ; Unsigned Binary ;
; char_line5     ; 000000000000000000000000000000000000000000000000000000000000000000000000000000000000000000000000000000000000000000000000000000000000000000000000000000000000000000000000000000000000000000000000 ; Unsigned Binary ;
; char_line6     ; 000000000000000000000000000000000000000000000000000000000000000000000000000000000000000000000000000000001111111000010000111111111111111000000000000001111111111111100000111111111110000000000000 ; Unsigned Binary ;
; char_line7     ; 000000000000000000000000000000000000000000000000000000000000000000000000000000000000000000000000000000111000001111110000011111111111111111000000000000011111111110000000011111111000000000000000 ; Unsigned Binary ;
; char_line8     ; 000000000000000000000000000000000000000000000000000000000000000000000000000000000000000000000000000001110000000011110000000011100000000111110000000000000011110000000000000111110000000000000000 ; Unsigned Binary ;
; char_line9     ; 000000000000000000000000000000000000000000000000000000000000000000000000000000000000000000000000000001100000000001111000000011100000000001111000000000000011110000000000000011100000000000000000 ; Unsigned Binary ;
; char_line10    ; 000000000000000000000000000000000000000000000000000000000000000000000000000000000000000000000000000011000000000000111000000011100000000000011100000000000001100000000000000011100000000000000000 ; Unsigned Binary ;
; char_line11    ; 000000000000000000000000000000000000000000000000000000000000000000000000000000000000000000000000000011000000000000111000000011100000000000001110000000000001100000000000000011100000000000000000 ; Unsigned Binary ;
; char_line12    ; 000000000000000000000000000000000000000000000000000000000000000000000000000000000000000000000000000011000000000000011000000011100000000000001110000000000001100000000000000011100000000000000000 ; Unsigned Binary ;
; char_line13    ; 000000000000000000000000000000000000000000000000000000000000000000000000000000000000000000000000000111000000000000011000000011100000000000001111000000000001100000000000000011100000000000000000 ; Unsigned Binary ;
; char_line14    ; 000000000000000000000000000000000000000000000000000000000000000000000000000000000000000000000000000111000000000000001000000011100000000000000111000000000001100000000000000011100000000000000000 ; Unsigned Binary ;
; char_line15    ; 000000000000000000000000000000000000000000000000000000000000000000000000000000000000000000000000000111100000000000001000000011100000000000000111000000000001100000000000000011100000000000000000 ; Unsigned Binary ;
; char_line16    ; 000000000000000000000000000000000000000000000000000000000000000000000000000000000000000000000000000011110000000000000000000011100000000000000111000000000001100000000000000011100000000000000000 ; Unsigned Binary ;
; char_line17    ; 000000000000000000000000000000000000000000000000000000000000000000000000000000000000000000000000000011111000000000000000000011100000000000000111000000000001100000000000000011100000000000000000 ; Unsigned Binary ;
; char_line18    ; 000000000000000000000000000000000000000000000000000000000000000000000000000000000000000000000000000001111100000000000000000011100000000000001111000000000001100000000000000011100000000000000000 ; Unsigned Binary ;
; char_line19    ; 000000000000000000000000000000000000000000000000000000000000000000000000000000000000000000000000000001111110000000000000000011100000000000001110000000000001100000000000000011100000000000000000 ; Unsigned Binary ;
; char_line20    ; 000000000000000000000000000000000000000000000000000000000000000000000000000000000000000000000000000000001111110000000000000011100000000000011110000000000001100000000000000011100000000000000000 ; Unsigned Binary ;
; char_line21    ; 000000000000000000000000000000000000000000000000000000000000000000000000000000000000000000000000000000000011111110000000000011100000000000011100000000000001100000000000000011100000000000000000 ; Unsigned Binary ;
; char_line22    ; 000000000000000000000000000000000000000000000000000000000000000000000000000000000000000000000000000000000000111111000000000011100000000001111000000000000001100000000000000011100000000000000000 ; Unsigned Binary ;
; char_line23    ; 000000000000000000000000000000000000000000000000000000000000000000000000000000000000000000000000000000000000011111100000000011100000000111110000000000000001100000000000000011100000000000000000 ; Unsigned Binary ;
; char_line24    ; 000000000000000000000000000000000000000000000000000000000000000000000000000000000000000000000000000000000000000111110000000011111111111111000000000000000001100000000000000011100000000000000000 ; Unsigned Binary ;
; char_line25    ; 000000000000000000000000000000000000000000000000000000000000000000000000000000000000000000000000000000000000000011111000000011100111100000000000000000000001100000000000000011100000000000000000 ; Unsigned Binary ;
; char_line26    ; 000000000000000000000000000000000000000000000000000000000000000000000000000000000000000000000000000000000000000001111000000011100000000000000000000000000001100000000000000011100000000000000000 ; Unsigned Binary ;
; char_line27    ; 000000000000000000000000000000000000000000000000000000000000000000000000000000000000000000000000000000000000000000111100000011100000000000000000000000000001100000000000000011100000000000000000 ; Unsigned Binary ;
; char_line28    ; 000000000000000000000000000000000000000000000000000000000000000000000000000000000000000000000000000000000000000000111100000011100000000000000000000000000001100000000000000011100000000000000000 ; Unsigned Binary ;
; char_line29    ; 000000000000000000000000000000000000000000000000000000000000000000000000000000000000000000000000001000000000000000011100000011100000000000000000000000000001100000000000000011100000000000000000 ; Unsigned Binary ;
; char_line30    ; 000000000000000000000000000000000000000000000000000000000000000000000000000000000000000000000000001100000000000000011100000011100000000000000000000000000001100000000000000011100000000000000000 ; Unsigned Binary ;
; char_line31    ; 000000000000000000000000000000000000000000000000000000000000000000000000000000000000000000000000001100000000000000011100000011100000000000000000000000000001100000000000000011100000000000000000 ; Unsigned Binary ;
; char_line32    ; 000000000000000000000000000000000000000000000000000000000000000000000000000000000000000000000000000110000000000000011100000011100000000000000000000000000001100000000000000011100000000000000000 ; Unsigned Binary ;
; char_line33    ; 000000000000000000000000000000000000000000000000000000000000000000000000000000000000000000000000000110000000000000011100000011100000000000000000000000000001100000000000000011100000000000000000 ; Unsigned Binary ;
; char_line34    ; 000000000000000000000000000000000000000000000000000000000000000000000000000000000000000000000000000111000000000000111000000011100000000000000000000000000001100000000000000011100000000000000000 ; Unsigned Binary ;
; char_line35    ; 000000000000000000000000000000000000000000000000000000000000000000000000000000000000000000000000000111100000000000111000000011100000000000000000000000000001100000000000000011100000000000000000 ; Unsigned Binary ;
; char_line36    ; 000000000000000000000000000000000000000000000000000000000000000000000000000000000000000000000000000111110000000001110000000011100000000000000000000000000001100000000000000011100000000000000000 ; Unsigned Binary ;
; char_line37    ; 000000000000000000000000000000000000000000000000000000000000000000000000000000000000000000000000000111111000000111100000000011110000000000000000000000000011110000000000000011100000000000000110 ; Unsigned Binary ;
; char_line38    ; 000000000000000000000000000000000000000000000000000000000000000000000000000000000000000000000000000110000111111110000000000011110000000000000000000000000011110000000000000011100000000000001110 ; Unsigned Binary ;
; char_line39    ; 000000000000000000000000000000000000000000000000000000000000000000000000000000000000000000000000000000000000000000000000001111111100000000000000000000011111111110000000000111100000000000111110 ; Unsigned Binary ;
; char_line40    ; 000000000000000000000000000000000000000000000000000000000000000000000000000000000000000000000000000000000000000000000000111111111111000000000000000001111111111111100000001111111111111111111100 ; Unsigned Binary ;
; char_line41    ; 000000000000000000000000000000000000000000000000000000000000000000000000000000000000000000000000000000000000000000000000000000000000000000000000000000000000000000000000000000000000000000000000 ; Unsigned Binary ;
; char_line42    ; 000000000000000000000000000000000000000000000000000000000000000000000000000000000000000000000000000000000000000000000000000000000000000000000000000000000000000000000000000000000000000000000000 ; Unsigned Binary ;
; char_line43    ; 000000000000000000000000000000000000000000000000000000000000000000000000000000000000000000000000000000000000000000000000000000000000000000000000000000000000000000000000000000000000000000000000 ; Unsigned Binary ;
; char_line44    ; 000000000000000000000000000000000000000000000000000000000000000000000000000000000000000000000000000000000000000000000000000000000000000000000000000000000000000000000000000000000000000000000000 ; Unsigned Binary ;
; char_line45    ; 000000000000000000000000000000000000000000000000000000000000000000000000000000000000000000000000000000000000000000000000000000000000000000000000000000000000000000000000000000000000000000000000 ; Unsigned Binary ;
; char_line46    ; 000000000000000000000000000000000000000000000000000000000000000000000000000000000000000000000000000000000000000000000000000000000000000000000000000000000000000000000000000000000000000000000000 ; Unsigned Binary ;
; char_line47    ; 000000000000000000000000000000000000000000000000000000000000000000000000000000000000000000000000000000000000000000000000000000000000000000000000000000000000000000000000000000000000000000000000 ; Unsigned Binary ;
+----------------+--------------------------------------------------------------------------------------------------------------------------------------------------------------------------------------------------+-----------------+
Note: In order to hide this table in the UI and the text report file, please set the "Show Parameter Settings in Synthesis Report" option in "Analysis and Synthesis Settings -> More Settings" to "Off".


+-----------------------------------------------------+
; Post-Synthesis Netlist Statistics for Top Partition ;
+-----------------------+-----------------------------+
; Type                  ; Count                       ;
+-----------------------+-----------------------------+
; boundary_port         ; 18                          ;
; cycloneiii_ff         ; 83                          ;
;     ENA               ; 10                          ;
;     ENA SLD           ; 8                           ;
;     plain             ; 65                          ;
; cycloneiii_lcell_comb ; 309                         ;
;     arith             ; 69                          ;
;         2 data inputs ; 69                          ;
;     normal            ; 240                         ;
;         0 data inputs ; 2                           ;
;         1 data inputs ; 9                           ;
;         2 data inputs ; 23                          ;
;         3 data inputs ; 28                          ;
;         4 data inputs ; 178                         ;
;                       ;                             ;
; Max LUT depth         ; 11.00                       ;
; Average LUT depth     ; 6.85                        ;
+-----------------------+-----------------------------+


+-------------------------------+
; Elapsed Time Per Partition    ;
+----------------+--------------+
; Partition Name ; Elapsed Time ;
+----------------+--------------+
; Top            ; 00:00:08     ;
+----------------+--------------+


+-------------------------------+
; Analysis & Synthesis Messages ;
+-------------------------------+
Info: *******************************************************************
Info: Running Quartus Prime Analysis & Synthesis
    Info: Version 16.1.1 Build 200 11/30/2016 SJ Standard Edition
    Info: Processing started: Sat Nov 04 16:14:03 2017
Info: Command: quartus_map --read_settings_files=on --write_settings_files=off VGA_Char -c VGA_Char
Warning (18236): Number of processors has not been specified which may cause overloading on shared machines.  Set the global assignment NUM_PARALLEL_PROCESSORS in your QSF to an appropriate value for best performance.
Info (20030): Parallel compilation is enabled and will use 2 of the 2 processors detected
Info (12021): Found 1 design units, including 1 entities, in source file vga_char.v
    Info (12023): Found entity 1: VGA_Char File: C:/Users/Q/Desktop/Wayne/FPGA/6_VGA_Char/VGA_Char.v Line: 3
Info (12127): Elaborating entity "VGA_Char" for the top level hierarchy
Warning (10230): Verilog HDL assignment warning at VGA_Char.v(176): truncated value with size 9 to match size of target (8) File: C:/Users/Q/Desktop/Wayne/FPGA/6_VGA_Char/VGA_Char.v Line: 176
Warning (13024): Output pins are stuck at VCC or GND
    Warning (13410): Pin "seg[7]" is stuck at VCC File: C:/Users/Q/Desktop/Wayne/FPGA/6_VGA_Char/VGA_Char.v Line: 45
Info (286030): Timing-Driven Synthesis is running
Info (16010): Generating hard_block partition "hard_block:auto_generated_inst"
    Info (16011): Adding 0 node(s), including 0 DDIO, 0 PLL, 0 transceiver and 0 LCELL
Info (21057): Implemented 363 device resources after synthesis - the final resource count might be different
    Info (21058): Implemented 1 input pins
    Info (21059): Implemented 17 output pins
    Info (21061): Implemented 345 logic cells
Info: Quartus Prime Analysis & Synthesis was successful. 0 errors, 4 warnings
    Info: Peak virtual memory: 603 megabytes
    Info: Processing ended: Sat Nov 04 16:14:43 2017
    Info: Elapsed time: 00:00:40
    Info: Total CPU time (on all processors): 00:01:23


